<?xml version="1.0" encoding="UTF-8"?>
<testsuite name="SimpleCalculatorTest" tests="1" skipped="0" failures="0" errors="0" timestamp="2020-07-07T12:46:47" hostname="admin2-ThinkCentre-M72e" time="0.002">
  <properties/>
  <testcase name="multipleTest" classname="SimpleCalculatorTest" time="0.002"/>
  <system-out><![CDATA[]]></system-out>
  <system-err><![CDATA[]]></system-err>
</testsuite>
